<?xml version="1.0" encoding="UTF-8"?>
<!-- Generated by org.testng.reporters.JUnitReportReporter -->
<testsuite hostname="Anushas-MacBook-Pro.local" failures="0" tests="6" name="testrunner.TestRunner1" time="223.863" errors="0" timestamp="2024-02-16T14:58:08 EST" skipped="0">
  <testcase classname="testrunner.TestRunner1" name="runScenario" time="21.488"/>
  <testcase classname="testrunner.TestRunner1" name="runScenario" time="24.318"/>
  <testcase classname="testrunner.TestRunner1" name="runScenario" time="41.417"/>
  <testcase classname="testrunner.TestRunner1" name="runScenario" time="46.970"/>
  <testcase classname="testrunner.TestRunner1" name="runScenario" time="47.154"/>
  <testcase classname="testrunner.TestRunner1" name="runScenario" time="42.516"/>
</testsuite> <!-- testrunner.TestRunner1 -->
